0 info it worked if it ends with ok
1 verbose cli [ 'C:\\Program Files\\nodejs\\node.exe',
1 verbose cli   'C:\\Program Files\\nodejs\\node_modules\\npm\\bin\\npm-cli.js',
1 verbose cli   'start' ]
2 info using npm@3.8.6
3 info using node@v5.11.0
4 verbose run-script [ 'prestart', 'start', 'poststart' ]
5 info lifecycle trooper_v1@1.0.0~prestart: trooper_v1@1.0.0
6 silly lifecycle trooper_v1@1.0.0~prestart: no script for prestart, continuing
7 info lifecycle trooper_v1@1.0.0~start: trooper_v1@1.0.0
8 verbose lifecycle trooper_v1@1.0.0~start: unsafe-perm in lifecycle true
9 verbose lifecycle trooper_v1@1.0.0~start: PATH: C:\Program Files\nodejs\node_modules\npm\bin\node-gyp-bin;F:\TRABAJOS\UNAB 2016\PRIMER SEMESTRE\TOPICOS 2\proyecto\trooper_v1\node_modules\.bin;C:\Program Files\nodejs;C:\Users\eduardo\AppData\Roaming\npm;C:\Program Files\nodejs\;C:\ProgramData\Oracle\Java\javapath;C:\Program Files\MongoDB\Server\3.2\bin;C:\WINDOWS\system32;C:\WINDOWS;%SystemRoot\webem;C:\WINDOWS\System32\WindowsPowerShell\v1.0\;C:\MinGW\bin\c++.exe;C:\MinGW\bin\gcc.exe;C:\cygwin64\bin;C:\cygwin64\lib;C:\Program Files (x86)\Skype\Phone\;C:\Users\eduardo\AppData\Roaming\npm;C:\Users\eduardo\AppData\Local\atom\bin
10 verbose lifecycle trooper_v1@1.0.0~start: CWD: F:\TRABAJOS\UNAB 2016\PRIMER SEMESTRE\TOPICOS 2\proyecto\trooper_v1
11 silly lifecycle trooper_v1@1.0.0~start: Args: [ '/d /s /c', 'nodemon server.js' ]
12 silly lifecycle trooper_v1@1.0.0~start: Returned: code: 1  signal: null
13 info lifecycle trooper_v1@1.0.0~start: Failed to exec start script
14 verbose stack Error: trooper_v1@1.0.0 start: `nodemon server.js`
14 verbose stack Exit status 1
14 verbose stack     at EventEmitter.<anonymous> (C:\Program Files\nodejs\node_modules\npm\lib\utils\lifecycle.js:239:16)
14 verbose stack     at emitTwo (events.js:100:13)
14 verbose stack     at EventEmitter.emit (events.js:185:7)
14 verbose stack     at ChildProcess.<anonymous> (C:\Program Files\nodejs\node_modules\npm\lib\utils\spawn.js:24:14)
14 verbose stack     at emitTwo (events.js:100:13)
14 verbose stack     at ChildProcess.emit (events.js:185:7)
14 verbose stack     at maybeClose (internal/child_process.js:850:16)
14 verbose stack     at Process.ChildProcess._handle.onexit (internal/child_process.js:215:5)
15 verbose pkgid trooper_v1@1.0.0
16 verbose cwd F:\TRABAJOS\UNAB 2016\PRIMER SEMESTRE\TOPICOS 2\proyecto\trooper_v1
17 error Windows_NT 10.0.10586
18 error argv "C:\\Program Files\\nodejs\\node.exe" "C:\\Program Files\\nodejs\\node_modules\\npm\\bin\\npm-cli.js" "start"
19 error node v5.11.0
20 error npm  v3.8.6
21 error code ELIFECYCLE
22 error trooper_v1@1.0.0 start: `nodemon server.js`
22 error Exit status 1
23 error Failed at the trooper_v1@1.0.0 start script 'nodemon server.js'.
23 error Make sure you have the latest version of node.js and npm installed.
23 error If you do, this is most likely a problem with the trooper_v1 package,
23 error not with npm itself.
23 error Tell the author that this fails on your system:
23 error     nodemon server.js
23 error You can get information on how to open an issue for this project with:
23 error     npm bugs trooper_v1
23 error Or if that isn't available, you can get their info via:
23 error     npm owner ls trooper_v1
23 error There is likely additional logging output above.
24 verbose exit [ 1, true ]
